2023-07-29 11:43:19,782.continuous_location.INFO =============================================================
2023-07-29 11:43:19,783.continuous_location.INFO Today is 2023-07-29 at 11:43 AM
2023-07-29 11:43:19,783.continuous_location.INFO This file is running on: posix Darwin 19.6.0
2023-07-29 11:43:19,783.continuous_location.INFO The Python version is: 3.8.8
2023-07-29 11:43:19,783.continuous_location.INFO The active environment path is:   /Users/ashleymersman/opt/anaconda3
2023-07-29 11:43:19,783.continuous_location.INFO The current working directory is: /Users/ashleymersman/Desktop/Continuous_Intelligence/cintel-05-live-updates
2023-07-29 11:43:19,783.continuous_location.INFO =============================================================
2023-07-29 11:43:34,916.continuous_location.INFO Calling update_csv_location
2023-07-29 11:43:34,916.continuous_location.INFO update_interval: 60
2023-07-29 11:43:34,916.continuous_location.INFO total_runtime: 900
2023-07-29 11:43:34,916.continuous_location.INFO num_updates: 10
2023-07-29 11:43:34,917.continuous_location.INFO Initialized csv file at /Users/ashleymersman/Desktop/Continuous_Intelligence/cintel-05-live-updates/data/mtcars_location.csv
2023-07-29 11:43:34,917.continuous_location.INFO Calling get_temperature_from_openweathermap for {lat}, {long}}
2023-07-29 11:43:34,917.continuous_location.INFO Calling fetch_from_url for https://api.openweathermap.org/data/2.5/weather?lat=47.903237&lon=-91.867087&appid=None&units=imperial
2023-07-29 11:43:34,917.continuous_location.INFO Calling get_temperature_from_openweathermap for {lat}, {long}}
2023-07-29 11:43:34,918.continuous_location.INFO Calling fetch_from_url for https://api.openweathermap.org/data/2.5/weather?lat=36.5323&lon=-116.93&appid=None&units=imperial
2023-07-29 11:43:34,918.continuous_location.INFO Calling get_temperature_from_openweathermap for {lat}, {long}}
2023-07-29 11:43:34,918.continuous_location.INFO Calling fetch_from_url for https://api.openweathermap.org/data/2.5/weather?lat=40.346102&lon=-94.872471&appid=None&units=imperial
2023-07-29 11:43:34,922.continuous_location.INFO Saving temperatures to /Users/ashleymersman/Desktop/Continuous_Intelligence/cintel-05-live-updates/data/mtcars_location.csv
2023-07-29 11:44:34,922.continuous_location.INFO Calling get_temperature_from_openweathermap for {lat}, {long}}
2023-07-29 11:44:34,923.continuous_location.INFO Calling fetch_from_url for https://api.openweathermap.org/data/2.5/weather?lat=47.903237&lon=-91.867087&appid=None&units=imperial
2023-07-29 11:44:34,923.continuous_location.INFO Calling get_temperature_from_openweathermap for {lat}, {long}}
2023-07-29 11:44:34,924.continuous_location.INFO Calling fetch_from_url for https://api.openweathermap.org/data/2.5/weather?lat=36.5323&lon=-116.93&appid=None&units=imperial
2023-07-29 11:44:34,935.continuous_location.INFO Calling get_temperature_from_openweathermap for {lat}, {long}}
2023-07-29 11:44:34,936.continuous_location.INFO Calling fetch_from_url for https://api.openweathermap.org/data/2.5/weather?lat=40.346102&lon=-94.872471&appid=None&units=imperial
2023-07-29 11:44:34,938.continuous_location.INFO Saving temperatures to /Users/ashleymersman/Desktop/Continuous_Intelligence/cintel-05-live-updates/data/mtcars_location.csv
2023-07-29 11:45:34,939.continuous_location.INFO Calling get_temperature_from_openweathermap for {lat}, {long}}
2023-07-29 11:45:34,940.continuous_location.INFO Calling fetch_from_url for https://api.openweathermap.org/data/2.5/weather?lat=47.903237&lon=-91.867087&appid=None&units=imperial
2023-07-29 11:45:34,940.continuous_location.INFO Calling get_temperature_from_openweathermap for {lat}, {long}}
2023-07-29 11:45:34,941.continuous_location.INFO Calling fetch_from_url for https://api.openweathermap.org/data/2.5/weather?lat=36.5323&lon=-116.93&appid=None&units=imperial
2023-07-29 11:45:34,941.continuous_location.INFO Calling get_temperature_from_openweathermap for {lat}, {long}}
2023-07-29 11:45:34,942.continuous_location.INFO Calling fetch_from_url for https://api.openweathermap.org/data/2.5/weather?lat=40.346102&lon=-94.872471&appid=None&units=imperial
2023-07-29 11:45:34,967.continuous_location.INFO Saving temperatures to /Users/ashleymersman/Desktop/Continuous_Intelligence/cintel-05-live-updates/data/mtcars_location.csv
